# JRE version: OpenJDK Runtime Environment (8.0_212-b01) (build 1.8.0_212-b01)
# Java VM: OpenJDK 64-Bit Server VM (25.212-b01 mixed mode linux-amd64 )
Heap:
 par new generation   total 1380160K, used 682398K [0x00007fec37a00000, 0x00007fec95390000, 0x00007fec95390000)
  eden space 1226816K,  43% used [0x00007fec37a00000, 0x00007fec58022dd8, 0x00007fec82810000)
  from space 153344K,  99% used [0x00007fec8bdd0000, 0x00007fec95214b40, 0x00007fec95390000)
  to   space 153344K,   0% used [0x00007fec82810000, 0x00007fec82810000, 0x00007fec8bdd0000)
 concurrent mark-sweep generation total 15839152K, used 12995398K [0x00007fec95390000, 0x00007ff05bf7c000, 0x00007ff880000000)
 Metaspace       used 67788K, capacity 70794K, committed 70900K, reserved 71680K
GC Heap History (10 events):
Event: 1852.521 GC heap before
{Heap before GC invocations=111 (full 25):
 par new generation   total 1380160K, used 1378566K [0x00007fec37a00000, 0x00007fec95390000, 0x00007fec95390000)
  eden space 1226816K,  99% used [0x00007fec37a00000, 0x00007fec827f34b8, 0x00007fec82810000)
  from space 153344K,  99% used [0x00007fec82810000, 0x00007fec8bc5e410, 0x00007fec8bdd0000)
  to   space 153344K,   0% used [0x00007fec8bdd0000, 0x00007fec8bdd0000, 0x00007fec95390000)
 concurrent mark-sweep generation total 12694740K, used 7172101K [0x00007fec95390000, 0x00007fef9c0c5000, 0x00007ff880000000)
 Metaspace       used 67646K, capacity 70676K, committed 70900K, reserved 71680K
Event: 1852.675 GC heap after
Heap after GC invocations=112 (full 25):
 par new generation   total 1380160K, used 152563K [0x00007fec37a00000, 0x00007fec95390000, 0x00007fec95390000)
  eden space 1226816K,   0% used [0x00007fec37a00000, 0x00007fec37a00000, 0x00007fec82810000)
  from space 153344K,  99% used [0x00007fec8bdd0000, 0x00007fec952ccc10, 0x00007fec95390000)
  to   space 153344K,   0% used [0x00007fec82810000, 0x00007fec82810000, 0x00007fec8bdd0000)
 concurrent mark-sweep generation total 12694740K, used 8331383K [0x00007fec95390000, 0x00007fef9c0c5000, 0x00007ff880000000)
 Metaspace       used 67646K, capacity 70676K, committed 70900K, reserved 71680K
}
Event: 1860.321 GC heap before
{Heap before GC invocations=112 (full 25):
 par new generation   total 1380160K, used 1378440K [0x00007fec37a00000, 0x00007fec95390000, 0x00007fec95390000)
  eden space 1226816K,  99% used [0x00007fec37a00000, 0x00007fec827256b8, 0x00007fec82810000)
  from space 153344K,  99% used [0x00007fec8bdd0000, 0x00007fec952ccc10, 0x00007fec95390000)
  to   space 153344K,   0% used [0x00007fec82810000, 0x00007fec82810000, 0x00007fec8bdd0000)
 concurrent mark-sweep generation total 12694740K, used 8331383K [0x00007fec95390000, 0x00007fef9c0c5000, 0x00007ff880000000)
 Metaspace       used 67651K, capacity 70676K, committed 70900K, reserved 71680K
Event: 1860.498 GC heap after
Heap after GC invocations=113 (full 25):
 par new generation   total 1380160K, used 152038K [0x00007fec37a00000, 0x00007fec95390000, 0x00007fec95390000)
  eden space 1226816K,   0% used [0x00007fec37a00000, 0x00007fec37a00000, 0x00007fec82810000)
  from space 153344K,  99% used [0x00007fec82810000, 0x00007fec8bc89800, 0x00007fec8bdd0000)
  to   space 153344K,   0% used [0x00007fec8bdd0000, 0x00007fec8bdd0000, 0x00007fec95390000)
 concurrent mark-sweep generation total 12694740K, used 9503562K [0x00007fec95390000, 0x00007fef9c0c5000, 0x00007ff880000000)
 Metaspace       used 67651K, capacity 70676K, committed 70900K, reserved 71680K
}
Event: 1869.154 GC heap before
{Heap before GC invocations=113 (full 25):
 par new generation   total 1380160K, used 1378234K [0x00007fec37a00000, 0x00007fec95390000, 0x00007fec95390000)
  eden space 1226816K,  99% used [0x00007fec37a00000, 0x00007fec82775310, 0x00007fec82810000)
  from space 153344K,  99% used [0x00007fec82810000, 0x00007fec8bc89800, 0x00007fec8bdd0000)
  to   space 153344K,   0% used [0x00007fec8bdd0000, 0x00007fec8bdd0000, 0x00007fec95390000)
 concurrent mark-sweep generation total 15839152K, used 9505538K [0x00007fec95390000, 0x00007ff05bf7c000, 0x00007ff880000000)
 Metaspace       used 67654K, capacity 70666K, committed 70900K, reserved 71680K
Event: 1870.006 GC heap after
Heap after GC invocations=114 (full 25):
 par new generation   total 1380160K, used 151879K [0x00007fec37a00000, 0x00007fec95390000, 0x00007fec95390000)
  eden space 1226816K,   0% used [0x00007fec37a00000, 0x00007fec37a00000, 0x00007fec82810000)
  from space 153344K,  99% used [0x00007fec8bdd0000, 0x00007fec95221dc8, 0x00007fec95390000)
  to   space 153344K,   0% used [0x00007fec82810000, 0x00007fec82810000, 0x00007fec8bdd0000)
 concurrent mark-sweep generation total 15839152K, used 10672946K [0x00007fec95390000, 0x00007ff05bf7c000, 0x00007ff880000000)
 Metaspace       used 67654K, capacity 70666K, committed 70900K, reserved 71680K
}
Event: 1878.628 GC heap before
{Heap before GC invocations=114 (full 26):
 par new generation   total 1380160K, used 1378695K [0x00007fec37a00000, 0x00007fec95390000, 0x00007fec95390000)
  eden space 1226816K, 100% used [0x00007fec37a00000, 0x00007fec82810000, 0x00007fec82810000)
  from space 153344K,  99% used [0x00007fec8bdd0000, 0x00007fec95221dc8, 0x00007fec95390000)
  to   space 153344K,   0% used [0x00007fec82810000, 0x00007fec82810000, 0x00007fec8bdd0000)
 concurrent mark-sweep generation total 15839152K, used 10672946K [0x00007fec95390000, 0x00007ff05bf7c000, 0x00007ff880000000)
 Metaspace       used 67763K, capacity 70794K, committed 70900K, reserved 71680K
Event: 1879.333 GC heap after
Heap after GC invocations=115 (full 26):
 par new generation   total 1380160K, used 151830K [0x00007fec37a00000, 0x00007fec95390000, 0x00007fec95390000)
  eden space 1226816K,   0% used [0x00007fec37a00000, 0x00007fec37a00000, 0x00007fec82810000)
  from space 153344K,  99% used [0x00007fec82810000, 0x00007fec8bc55850, 0x00007fec8bdd0000)
  to   space 153344K,   0% used [0x00007fec8bdd0000, 0x00007fec8bdd0000, 0x00007fec95390000)
 concurrent mark-sweep generation total 15839152K, used 11838322K [0x00007fec95390000, 0x00007ff05bf7c000, 0x00007ff880000000)
 Metaspace       used 67763K, capacity 70794K, committed 70900K, reserved 71680K
}
Event: 1887.892 GC heap before
{Heap before GC invocations=115 (full 26):
 par new generation   total 1380160K, used 1378646K [0x00007fec37a00000, 0x00007fec95390000, 0x00007fec95390000)
  eden space 1226816K, 100% used [0x00007fec37a00000, 0x00007fec82810000, 0x00007fec82810000)
  from space 153344K,  99% used [0x00007fec82810000, 0x00007fec8bc55850, 0x00007fec8bdd0000)
  to   space 153344K,   0% used [0x00007fec8bdd0000, 0x00007fec8bdd0000, 0x00007fec95390000)
 concurrent mark-sweep generation total 15839152K, used 11838322K [0x00007fec95390000, 0x00007ff05bf7c000, 0x00007ff880000000)
 Metaspace       used 67788K, capacity 70794K, committed 70900K, reserved 71680K
Event: 1888.545 GC heap after
Heap after GC invocations=116 (full 26):
 par new generation   total 1380160K, used 151826K [0x00007fec37a00000, 0x00007fec95390000, 0x00007fec95390000)
  eden space 1226816K,   0% used [0x00007fec37a00000, 0x00007fec37a00000, 0x00007fec82810000)
  from space 153344K,  99% used [0x00007fec8bdd0000, 0x00007fec95214b40, 0x00007fec95390000)
  to   space 153344K,   0% used [0x00007fec82810000, 0x00007fec82810000, 0x00007fec8bdd0000)
 concurrent mark-sweep generation total 15839152K, used 12995507K [0x00007fec95390000, 0x00007ff05bf7c000, 0x00007ff880000000)
 Metaspace       used 67788K, capacity 70794K, committed 70900K, reserved 71680K
}

